MPASM  5.48                         TIMER.ASM   3-13-2013  15:57:12         PAGE  1


LOC  OBJECT CODE     LINE SOURCE TEXT
  VALUE

                      00001 ; Include file, change directory if needed
Warning[205]: Found directive in column 1. (include)
                      00002 include "p12f675.inc"
                      00001         LIST
                      00002 
                      00003 ;==========================================================================
                      00004 ;  MPASM PIC12F675 processor include
                      00005 ; 
                      00006 ;  (c) Copyright 1999-2012 Microchip Technology, All rights reserved
                      00007 ;==========================================================================
                      00008 
                      00366         LIST
                      00003 
                      00004 
                      00005 ;#########################
                      00006 ;## uC Chip settings    ##
                      00007 ;#########################
                      00008 ;   Set User ID Memory
2000   0005 0005 000A 00009         __idlocs                0x55aa
       000A 
                      00010 ;   Set configuration bits using definitions from the include file, p16f84.inc
2007   3FD4           00011         __config        _INTRC_OSC_NOCLKOUT & _WDT_OFF & _CP_OFF & _MCLRE_OFF
                      00012 
                      00013 
                      00014 
                      00015 ;#########################
                      00016 ;## PIN DEFINITIONS     ##
                      00017 ;#########################
                      00018 ; GP5   I/O             ()
                      00019 ; GP4   I/O                     ()
                      00020 ; GP3   nMCLR           ()
                      00021 ; GP2   I/O                     ()
                      00022 ; GP1   OUT     LED1    ()
                      00023 ; GP0   OUT LED0        ()
  0000003F            00024 LED1_P          EQU     b'111111'
                      00025 
                      00026 
                      00027 ; OUTPUTs
  00000000            00028 LED1    EQU     GP0
  00000001            00029 LED0    EQU GP1
                      00030 
                      00031 
                      00032 ; INPUTs
                      00033 
                      00034 ;#########################
                      00035 ;## CONSTANTS           ##
                      00036 ;#########################
                      00037 
                      00038 ;#########################
                      00039 ;## GLOBAL REGISTERS    ##
                      00040 ;#########################
  00000020            00041 w_tmp           EQU     0x20                    ; Temp reg for W, in both banks (0x20 and 0xA0)
  00000021            00042 stat_tmp        EQU     0x21                    ; Temp reg for Status
MPASM  5.48                         TIMER.ASM   3-13-2013  15:57:12         PAGE  2


LOC  OBJECT CODE     LINE SOURCE TEXT
  VALUE

                      00043 
  00000024            00044 counter     EQU 0x24
  00000025            00045 count_m     EQU 0x25
                      00046 
                      00047 ;#########################
                      00048 ;## MACROS              ##
                      00049 ;#########################
                      00050 #define PAGE0           bcf     STATUS,RP0      ; [M] Switch to page 0 in RAM
                      00051 #define PAGE1           bsf     STATUS,RP0      ; [M] Switch to page 1 in RAM
                      00052 
                      00053 ;###################################################################################
                      00054 ;###################################################################################
                      00055 ;####                   S       T       A       R       T                       ####
                      00056 ;###################################################################################
                      00057 ;###################################################################################
                      00058 ;Initialization of basic registers
                      00059 Reset_vector    org     0x0000
0000   2???           00060         goto    Init
                      00061 
                      00062 Irq_vector      org     0x0004
                      00063         ; Save W and STATUS
0004   00A0           00064         movwf   w_tmp           ; saving W register to actual page
0005   0803           00065         movf    STATUS,W        ; saving STATUS register to W
0006   00A1           00066         movwf   stat_tmp        ; saving STATUS register from W to stat_tmp register
                      00067 
                      00068         ; Check IRQ from timer 0
                      00069 ;       btfss   INTCON,T0IF     ; ** Do we have TMR0 overflow?
                      00070 ;       goto    Irq_n1          ; <NO> -> skip to label Irq_nl
                      00071 ;       bcf             INTCON,T0IF     ; <YES> -> Clear interrupt bit
                      00072 ;   call    Switch_d0
0007                  00073 Irq_n1
                      00074 
                      00075 
                      00076     ; Check timer 1
0007   1C0C           00077     btfss   PIR1,TMR1IF
0008   2???           00078     goto    Irq_n2
0009   100C           00079     bcf     PIR1,TMR1IF
                      00080 
000A   2???           00081         call    Switch_d1
                      00082 ;    movlw   0x00
                      00083 ;    movwf   TMR0
                      00084 
                      00085 ;Irq_end
                      00086 
000B                  00087 Irq_n2                          ; <N> No we don't have TMR0 interrupt
                      00088         ; Restore W and STATUS
000B   0821           00089         movf    stat_tmp,W
000C   0083           00090         movwf   STATUS
000D   0820           00091         movf    w_tmp,W
000E   0009           00092         retfie
                      00093 
000F                  00094 Init
                      00095 ; ##############
MPASM  5.48                         TIMER.ASM   3-13-2013  15:57:12         PAGE  3


LOC  OBJECT CODE     LINE SOURCE TEXT
  VALUE

                      00096 ; Adjust osc calibration constant, read it from EEPROM
                      00097 
000F   1683           00098         PAGE1                           ; Set page 0
0010   23FF           00099         call    0x3ff
Message[302]: Register in operand not in bank 0.  Ensure that bank bits are correct.
0011   0090           00100         movwf   OSCCAL                  ; Read osc calibration value and set it
0012   1283           00101         PAGE0
                      00102 
0013   3007           00103         movlw   0x07
0014   0099           00104         movwf   CMCON           ; Disable comparator
                      00105 
0015   1683           00106     PAGE1
0016   3000           00107     movlw   0x00
Message[302]: Register in operand not in bank 0.  Ensure that bank bits are correct.
0017   009F           00108     movwf   ANSEL           ; Disable ADC
                      00109 
0018   3000           00110     movlw   0x00
0019   009F           00111     movwf   ADCON0          ; Disable ADC
001A   1283           00112     PAGE0
                      00113 
001B   0064           00114         clrwdt                          ; Reset watchdog
                      00115 ;###############
                      00116 ; Set Inputs/Outputs
001C   1683           00117         PAGE1
001D   30C0           00118         movlw   ~(LED1_P)               ; LED1 will be output
Message[302]: Register in operand not in bank 0.  Ensure that bank bits are correct.
001E   0085           00119         movwf   TRISIO                  ; Set direction
001F   1283           00120         PAGE0
                      00121 ; Set GPIO
0020   30FE           00122         movlw   0xfe
0021   0085           00123         movwf   GPIO                    ; Turn off LED1 and 2 leds, turn on LED3
                      00124 
                      00125 ; set counter
                      00126 ;    movlw   0x00
                      00127 ;    movwf   counter
                      00128 ;    movlw   0xFE
                      00129 ;    movwf   count_m
                      00130 
                      00131 ;###############
                      00132 ; Set TIMER0
0022   1683           00133         PAGE1
0023   3006           00134         movlw   b'110'                  ; Divider 1:256
Message[302]: Register in operand not in bank 0.  Ensure that bank bits are correct.
0024   0081           00135         movwf   OPTION_REG;
0025   1283           00136         PAGE0
0026   110B           00137         bcf     INTCON,T0IF             ; Clear T0_OVER flag
                      00138 ;       bsf     INTCON,T0IE             ; Enable T0 IRQ
0027   0181           00139         clrf    TMR0                    ; Clear TMR
                      00140 ;
0028   178B           00141         bsf     INTCON,GIE              ; Enable all interrupt
                      00142 
                      00143     ;setup timer 1
0029   1283           00144     PAGE0
MPASM  5.48                         TIMER.ASM   3-13-2013  15:57:12         PAGE  4


LOC  OBJECT CODE     LINE SOURCE TEXT
  VALUE

002A   1090           00145     bcf T1CON,TMR1CS    ; Internal clock source
002B   1310           00146     bcf T1CON,TMR1GE    ; turn off external pulling
                      00147     ; enable interrupts
002C   170B           00148     bsf INTCON,6
002D   178B           00149     bsf INTCON,7
                      00150 
002E   1683           00151     PAGE1
Message[302]: Register in operand not in bank 0.  Ensure that bank bits are correct.
002F   140C           00152     bsf PIE1,0          ; enable timer 1 interrupt
                      00153 
0030   1283           00154     PAGE0
                      00155 
0031   018F           00156     clrf    TMR1H
0032   018E           00157     clrf    TMR1L
0033   1410           00158     bsf     T1CON,TMR1ON    ; turn it on
                      00159 
                      00160 
0034   110B           00161     bcf INTCON,T0IF
                      00162 ;#######################################
                      00163 ; MAIN LOOP
                      00164 ;#######################################
0035                  00165 main_loop
                      00166 
                      00167 ;    call Switch_d0
                      00168         ; Check IRQ from timer 0
0035   1D0B           00169         btfss   INTCON,T0IF     ; ** Do we have TMR0 overflow?
0036   2???           00170         goto    Main_skip               ; <NO> -> skip to label Irq_nl
0037   110B           00171         bcf             INTCON,T0IF     ; <YES> -> Clear interrupt bit
0038   2???           00172     call    Switch_d0
                      00173 
0039                  00174 Main_skip
0039   2???           00175         goto    main_loop
                      00176 
003A                  00177 Switch_d0
003A   3001           00178     movlw   0x01
Message[305]: Using default destination of 1 (file).
003B   0685           00179     xorwf   GPIO
003C   0008           00180     return
                      00181 
003D                  00182 Switch_d1
003D   3002           00183     movlw   0x02
Message[305]: Using default destination of 1 (file).
003E   0685           00184     xorwf   GPIO
003F   0008           00185     return
                      00186 
0040                  00187 Switch_diods
0040   2???           00188     call    Switch_d1
0041   2???           00189     call    Switch_d0
                      00190 ;       movlw   LED1_P          ; Flip led
                      00191 ;       xorwf   GPIO
0042   0008           00192         return
                      00193 
3FD4                  00194         end
MPASM  5.48                         TIMER.ASM   3-13-2013  15:57:12         PAGE  5


SYMBOL TABLE
  LABEL                             VALUE 

ADCON0                            0000001F
ADCS0                             00000004
ADCS1                             00000005
ADCS2                             00000006
ADFM                              00000007
ADIE                              00000006
ADIF                              00000006
ADON                              00000000
ADRESH                            0000001E
ADRESL                            0000009E
ANS0                              00000000
ANS1                              00000001
ANS2                              00000002
ANS3                              00000003
ANSEL                             0000009F
C                                 00000000
CAL0                              00000002
CAL1                              00000003
CAL2                              00000004
CAL3                              00000005
CAL4                              00000006
CAL5                              00000007
CHS0                              00000002
CHS1                              00000003
CINV                              00000004
CIS                               00000003
CM0                               00000000
CM1                               00000001
CM2                               00000002
CMCON                             00000019
CMIE                              00000003
CMIF                              00000003
COUT                              00000006
DC                                00000001
EEADR                             0000009B
EECON1                            0000009C
EECON2                            0000009D
EEDAT                             0000009A
EEDATA                            0000009A
EEIE                              00000007
EEIF                              00000007
F                                 00000001
FSR                               00000004
GIE                               00000007
GO                                00000001
GO_DONE                           00000001
GO_NOT_DONE                       00000001
GP0                               00000000
GP1                               00000001
GP2                               00000002
GP3                               00000003
GP4                               00000004
GP5                               00000005
MPASM  5.48                         TIMER.ASM   3-13-2013  15:57:12         PAGE  6


SYMBOL TABLE
  LABEL                             VALUE 

GPIE                              00000003
GPIF                              00000000
GPIO                              00000005
GPIO0                             00000000
GPIO1                             00000001
GPIO2                             00000002
GPIO3                             00000003
GPIO4                             00000004
GPIO5                             00000005
INDF                              00000000
INTCON                            0000000B
INTE                              00000004
INTEDG                            00000006
INTF                              00000001
IOC                               00000096
IOC0                              00000000
IOC1                              00000001
IOC2                              00000002
IOC3                              00000003
IOC4                              00000004
IOC5                              00000005
IOCB                              00000096
IOCB0                             00000000
IOCB1                             00000001
IOCB2                             00000002
IOCB3                             00000003
IOCB4                             00000004
IOCB5                             00000005
IRP                               00000007
Init                              0000000F
Irq_n1                            00000007
Irq_n2                            0000000B
Irq_vector                        00000004
LED0                              00000001
LED1                              00000000
LED1_P                            0000003F
Main_skip                         00000039
NOT_BOD                           00000000
NOT_BOR                           00000000
NOT_DONE                          00000001
NOT_GPPU                          00000007
NOT_PD                            00000003
NOT_POR                           00000001
NOT_T1SYNC                        00000002
NOT_TO                            00000004
OPTION_REG                        00000081
OSCCAL                            00000090
PAGE0                             bcf     STATUS,RP0
PAGE1                             bsf     STATUS,RP0
PCL                               00000002
PCLATH                            0000000A
PCON                              0000008E
PEIE                              00000006
MPASM  5.48                         TIMER.ASM   3-13-2013  15:57:12         PAGE  7


SYMBOL TABLE
  LABEL                             VALUE 

PIE1                              0000008C
PIR1                              0000000C
PS0                               00000000
PS1                               00000001
PS2                               00000002
PSA                               00000003
RD                                00000000
RP0                               00000005
RP1                               00000006
Reset_vector                      00000000
STATUS                            00000003
Switch_d0                         0000003A
Switch_d1                         0000003D
Switch_diods                      00000040
T0CS                              00000005
T0IE                              00000005
T0IF                              00000002
T0SE                              00000004
T1CKPS0                           00000004
T1CKPS1                           00000005
T1CON                             00000010
T1IE                              00000000
T1IF                              00000000
T1OSCEN                           00000003
TMR0                              00000001
TMR0IE                            00000005
TMR0IF                            00000002
TMR1                              0000000E
TMR1CS                            00000001
TMR1GE                            00000006
TMR1H                             0000000F
TMR1IE                            00000000
TMR1IF                            00000000
TMR1L                             0000000E
TMR1ON                            00000000
TRISIO                            00000085
TRISIO0                           00000000
TRISIO1                           00000001
TRISIO2                           00000002
TRISIO3                           00000003
TRISIO4                           00000004
TRISIO5                           00000005
VCFG                              00000006
VR0                               00000000
VR1                               00000001
VR2                               00000002
VR3                               00000003
VRCON                             00000099
VREN                              00000007
VRR                               00000005
W                                 00000000
WPU                               00000095
WPU0                              00000000
MPASM  5.48                         TIMER.ASM   3-13-2013  15:57:12         PAGE  8


SYMBOL TABLE
  LABEL                             VALUE 

WPU1                              00000001
WPU2                              00000002
WPU4                              00000004
WPU5                              00000005
WR                                00000001
WREN                              00000002
WRERR                             00000003
Z                                 00000002
_BODEN_OFF                        00003FBF
_BODEN_ON                         00003FFF
_BOREN_OFF                        00003FBF
_BOREN_ON                         00003FFF
_CONFIG                           00002007
_CPD_OFF                          00003FFF
_CPD_ON                           00003EFF
_CP_OFF                           00003FFF
_CP_ON                            00003F7F
_DEVID1                           00002006
_EC_OSC                           00003FFB
_EXTRC_OSC_CLKOUT                 00003FFF
_EXTRC_OSC_NOCLKOUT               00003FFE
_FOSC_EC                          00003FFB
_FOSC_EXTRCCLK                    00003FFF
_FOSC_EXTRCIO                     00003FFE
_FOSC_HS                          00003FFA
_FOSC_INTRCCLK                    00003FFD
_FOSC_INTRCIO                     00003FFC
_FOSC_LP                          00003FF8
_FOSC_XT                          00003FF9
_HS_OSC                           00003FFA
_IDLOC0                           00002000
_IDLOC1                           00002001
_IDLOC2                           00002002
_IDLOC3                           00002003
_INTRC_OSC_CLKOUT                 00003FFD
_INTRC_OSC_NOCLKOUT               00003FFC
_LP_OSC                           00003FF8
_MCLRE_OFF                        00003FDF
_MCLRE_ON                         00003FFF
_PWRTE_OFF                        00003FFF
_PWRTE_ON                         00003FEF
_WDTE_OFF                         00003FF7
_WDTE_ON                          00003FFF
_WDT_OFF                          00003FF7
_WDT_ON                           00003FFF
_XT_OSC                           00003FF9
__12F675                          00000001
count_m                           00000025
counter                           00000024
main_loop                         00000035
stat_tmp                          00000021
w_tmp                             00000020

MPASM  5.48                         TIMER.ASM   3-13-2013  15:57:12         PAGE  9





Errors   :     0
Warnings :     1 reported,     0 suppressed
Messages :     7 reported,     0 suppressed

