H:\doc\school\2013_spring\pb167\win\02-handle\02-handle\Debug\02-handle.exe.embed.manifest
H:\doc\school\2013_spring\pb167\win\02-handle\02-handle\Debug\02-handle.exe.embed.manifest.res
H:\doc\school\2013_spring\pb167\win\02-handle\02-handle\Debug\02-handle.exe.intermediate.manifest
H:\DOC\SCHOOL\2013_SPRING\PB167\WIN\02-HANDLE\02-HANDLE\DEBUG\02-HANDLE.OBJ
H:\DOC\SCHOOL\2013_SPRING\PB167\WIN\02-HANDLE\02-HANDLE\DEBUG\02-HANDLE.PCH
H:\doc\school\2013_spring\pb167\win\02-handle\02-handle\Debug\02-handle_manifest.rc
H:\doc\school\2013_spring\pb167\win\02-handle\02-handle\Debug\cl.command.1.tlog
H:\doc\school\2013_spring\pb167\win\02-handle\02-handle\Debug\CL.read.1.tlog
H:\doc\school\2013_spring\pb167\win\02-handle\02-handle\Debug\CL.write.1.tlog
H:\doc\school\2013_spring\pb167\win\02-handle\02-handle\Debug\link.2908.read.1.tlog
H:\doc\school\2013_spring\pb167\win\02-handle\02-handle\Debug\link.2908.write.1.tlog
H:\doc\school\2013_spring\pb167\win\02-handle\02-handle\Debug\link.2908-cvtres.read.1.tlog
H:\doc\school\2013_spring\pb167\win\02-handle\02-handle\Debug\link.2908-cvtres.write.1.tlog
H:\doc\school\2013_spring\pb167\win\02-handle\02-handle\Debug\link.command.1.tlog
H:\doc\school\2013_spring\pb167\win\02-handle\02-handle\Debug\link.read.1.tlog
H:\doc\school\2013_spring\pb167\win\02-handle\02-handle\Debug\link.write.1.tlog
H:\doc\school\2013_spring\pb167\win\02-handle\02-handle\Debug\link-cvtres.read.1.tlog
H:\doc\school\2013_spring\pb167\win\02-handle\02-handle\Debug\link-cvtres.write.1.tlog
H:\doc\school\2013_spring\pb167\win\02-handle\02-handle\Debug\mt.command.1.tlog
H:\doc\school\2013_spring\pb167\win\02-handle\02-handle\Debug\mt.read.1.tlog
H:\doc\school\2013_spring\pb167\win\02-handle\02-handle\Debug\mt.write.1.tlog
H:\doc\school\2013_spring\pb167\win\02-handle\02-handle\Debug\rc.command.1.tlog
H:\doc\school\2013_spring\pb167\win\02-handle\02-handle\Debug\rc.read.1.tlog
H:\doc\school\2013_spring\pb167\win\02-handle\02-handle\Debug\rc.write.1.tlog
H:\DOC\SCHOOL\2013_SPRING\PB167\WIN\02-HANDLE\02-HANDLE\DEBUG\STDAFX.OBJ
H:\doc\school\2013_spring\pb167\win\02-handle\02-handle\Debug\vc100.idb
H:\DOC\SCHOOL\2013_SPRING\PB167\WIN\02-HANDLE\02-HANDLE\DEBUG\VC100.PDB
H:\doc\school\2013_spring\pb167\win\02-handle\Debug\02-handle.exe
H:\doc\school\2013_spring\pb167\win\02-handle\Debug\02-handle.ilk
H:\DOC\SCHOOL\2013_SPRING\PB167\WIN\02-HANDLE\DEBUG\02-HANDLE.PDB
