Build started 3/21/2013 1:41:30 PM.
     1>Project "H:\doc\school\2013_spring\pb167\win\02-handle\02-handle\02-handle.vcxproj" on node 2 (rebuild target(s)).
     1>_PrepareForClean:
         Deleting file "Debug\02-handle.lastbuildstate".
       InitializeBuildStatus:
         Creating "Debug\02-handle.unsuccessfulbuild" because "AlwaysCreate" was specified.
       ClCompile:
         c:\Program Files\Microsoft Visual Studio 10.0\VC\bin\CL.exe /c /ZI /nologo /W3 /WX- /Od /Oy- /D WIN32 /D _DEBUG /D _CONSOLE /D _UNICODE /D UNICODE /Gm /EHsc /RTC1 /MDd /GS /fp:precise /Zc:wchar_t /Zc:forScope /Yc"StdAfx.h" /Fp"Debug\02-handle.pch" /Fo"Debug\\" /Fd"Debug\vc100.pdb" /Gd /TP /analyze- /errorReport:prompt stdafx.cpp
         stdafx.cpp
         c:\Program Files\Microsoft Visual Studio 10.0\VC\bin\CL.exe /c /ZI /nologo /W3 /WX- /Od /Oy- /D WIN32 /D _DEBUG /D _CONSOLE /D _UNICODE /D UNICODE /Gm /EHsc /RTC1 /MDd /GS /fp:precise /Zc:wchar_t /Zc:forScope /Yu"StdAfx.h" /Fp"Debug\02-handle.pch" /Fo"Debug\\" /Fd"Debug\vc100.pdb" /Gd /TP /analyze- /errorReport:prompt "02-handle.cpp"
         02-handle.cpp
     1>h:\doc\school\2013_spring\pb167\win\02-handle\02-handle\02-handle.cpp(16): warning C4996: 'swscanf': This function or variable may be unsafe. Consider using swscanf_s instead. To disable deprecation, use _CRT_SECURE_NO_WARNINGS. See online help for details.
                 c:\program files\microsoft visual studio 10.0\vc\include\stdio.h(582) : see declaration of 'swscanf'
       ManifestResourceCompile:
         C:\Program Files\Microsoft SDKs\Windows\v7.0A\bin\rc.exe /nologo /fo"Debug\02-handle.exe.embed.manifest.res" Debug\02-handle_manifest.rc 
       Link:
         c:\Program Files\Microsoft Visual Studio 10.0\VC\bin\link.exe /ERRORREPORT:PROMPT /OUT:"H:\doc\school\2013_spring\pb167\win\02-handle\Debug\02-handle.exe" /INCREMENTAL /NOLOGO kernel32.lib user32.lib gdi32.lib winspool.lib comdlg32.lib advapi32.lib shell32.lib ole32.lib oleaut32.lib uuid.lib odbc32.lib odbccp32.lib /MANIFEST /ManifestFile:"Debug\02-handle.exe.intermediate.manifest" /MANIFESTUAC:"level='asInvoker' uiAccess='false'" /DEBUG /PDB:"H:\doc\school\2013_spring\pb167\win\02-handle\Debug\02-handle.pdb" /SUBSYSTEM:CONSOLE /TLBID:1 /DYNAMICBASE /NXCOMPAT /IMPLIB:"H:\doc\school\2013_spring\pb167\win\02-handle\Debug\02-handle.lib" /MACHINE:X86 "Debug\02-handle.exe.embed.manifest.res"
         "Debug\02-handle.obj"
         Debug\stdafx.obj
       Manifest:
         Deleting file "Debug\02-handle.exe.embed.manifest".
         C:\Program Files\Microsoft SDKs\Windows\v7.0A\bin\mt.exe /nologo /verbose /out:"Debug\02-handle.exe.embed.manifest" /manifest "Debug\02-handle.exe.intermediate.manifest"
         C:\Program Files\Microsoft SDKs\Windows\v7.0A\bin\rc.exe /nologo /fo"Debug\02-handle.exe.embed.manifest.res" Debug\02-handle_manifest.rc 
       LinkEmbedManifest:
         c:\Program Files\Microsoft Visual Studio 10.0\VC\bin\link.exe /ERRORREPORT:PROMPT /OUT:"H:\doc\school\2013_spring\pb167\win\02-handle\Debug\02-handle.exe" /INCREMENTAL /NOLOGO kernel32.lib user32.lib gdi32.lib winspool.lib comdlg32.lib advapi32.lib shell32.lib ole32.lib oleaut32.lib uuid.lib odbc32.lib odbccp32.lib /MANIFEST /ManifestFile:"Debug\02-handle.exe.intermediate.manifest" /MANIFESTUAC:"level='asInvoker' uiAccess='false'" /DEBUG /PDB:"H:\doc\school\2013_spring\pb167\win\02-handle\Debug\02-handle.pdb" /SUBSYSTEM:CONSOLE /TLBID:1 /DYNAMICBASE /NXCOMPAT /IMPLIB:"H:\doc\school\2013_spring\pb167\win\02-handle\Debug\02-handle.lib" /MACHINE:X86 "Debug\02-handle.exe.embed.manifest.res"
         "Debug\02-handle.obj"
         Debug\stdafx.obj
         02-handle.vcxproj -> H:\doc\school\2013_spring\pb167\win\02-handle\Debug\02-handle.exe
       FinalizeBuildStatus:
         Deleting file "Debug\02-handle.unsuccessfulbuild".
         Touching "Debug\02-handle.lastbuildstate".
     1>Done Building Project "H:\doc\school\2013_spring\pb167\win\02-handle\02-handle\02-handle.vcxproj" (rebuild target(s)).

Build succeeded.

Time Elapsed 00:00:03.56
